<?xml version="1.0" encoding="UTF-8"?>
<!-- Generated by org.testng.reporters.JUnitXMLReporter -->
<testsuite ignored="2" hostname="LAPTOP-TOSPC5P3" failures="0" tests="1" name="Default test" time="14.005" errors="0" timestamp="2025-08-21T00:15:01 IST">
  <testcase classname="tests.TC_006_UiTest" name="verifyAlertStyling" time="8.865"/>
  <testcase classname="tests.TC_006_UiTest" name="verifyActionButtonsVisibility" time="0.0">
    <ignored/>
  </testcase> <!-- verifyActionButtonsVisibility -->
  <testcase classname="tests.TC_006_UiTest" name="verifyProductTileAlignment" time="0.0">
    <ignored/>
  </testcase> <!-- verifyProductTileAlignment -->
</testsuite> <!-- Default test -->
