<?xml version="1.0" encoding="UTF-8"?>
<!-- Generated by org.testng.reporters.JUnitXMLReporter -->
<testsuite ignored="10" hostname="LAPTOP-TOSPC5P3" failures="0" tests="14" name="ChromeTest" time="121.605" errors="0" timestamp="2025-08-25T00:46:42 IST">
  <testcase classname="tests.TC_001_SignUpTest" name="testSignUpWithNewUser" time="1.487"/>
  <testcase classname="tests.TC_001_SignUpTest" name="testSignUpWithExistingUser" time="1.452"/>
  <testcase classname="tests.TC_001_SignUpTest" name="testSignUpWithEmptyFields" time="0.377"/>
  <testcase classname="tests.TC_002_LogInTest" name="testLoginValidCredentials" time="2.742"/>
  <testcase classname="tests.TC_002_LogInTest" name="testLoginInvalidPassword" time="1.428"/>
  <testcase classname="tests.TC_002_LogInTest" name="testLoginEmptyFields" time="0.358"/>
  <testcase classname="tests.TC_002_LogInTest" name="testPasswordFieldIsMasked" time="0.359"/>
  <testcase classname="tests.TC_003_CartTest" name="testFullCartFlow" time="27.927"/>
  <testcase classname="tests.TC_004_OrderTest" name="emptyFormTest" time="5.656"/>
  <testcase classname="tests.TC_004_OrderTest" name="validDetailsTest" time="14.282"/>
  <testcase classname="tests.TC_005_NavigationTest" name="testBrowsing" time="8.261"/>
  <testcase classname="tests.TC_006_UiTest" name="verifyProductTileAlignment" time="0.492"/>
  <testcase classname="tests.TC_006_UiTest" name="verifyActionButtonsVisibility" time="0.394"/>
  <testcase classname="tests.TC_006_UiTest" name="verifyAlertStyling" time="8.792"/>
  <testcase classname="base.ProjectSpecificationMethods" name="@AfterSuite closeReport" time="0.0">
    <ignored/>
  </testcase> <!-- @AfterSuite closeReport -->
  <testcase classname="base.ProjectSpecificationMethods" name="@BeforeSuite createReport" time="0.0">
    <ignored/>
  </testcase> <!-- @BeforeSuite createReport -->
  <testcase classname="base.ProjectSpecificationMethods" name="@BeforeSuite createReport" time="0.0">
    <ignored/>
  </testcase> <!-- @BeforeSuite createReport -->
  <testcase classname="base.ProjectSpecificationMethods" name="@BeforeSuite createReport" time="0.0">
    <ignored/>
  </testcase> <!-- @BeforeSuite createReport -->
  <testcase classname="base.ProjectSpecificationMethods" name="@BeforeSuite createReport" time="0.0">
    <ignored/>
  </testcase> <!-- @BeforeSuite createReport -->
  <testcase classname="base.ProjectSpecificationMethods" name="@AfterSuite closeReport" time="0.0">
    <ignored/>
  </testcase> <!-- @AfterSuite closeReport -->
  <testcase classname="base.ProjectSpecificationMethods" name="@AfterSuite closeReport" time="0.0">
    <ignored/>
  </testcase> <!-- @AfterSuite closeReport -->
  <testcase classname="base.ProjectSpecificationMethods" name="@AfterSuite closeReport" time="0.0">
    <ignored/>
  </testcase> <!-- @AfterSuite closeReport -->
  <testcase classname="base.ProjectSpecificationMethods" name="@AfterSuite closeReport" time="0.0">
    <ignored/>
  </testcase> <!-- @AfterSuite closeReport -->
  <testcase classname="base.ProjectSpecificationMethods" name="@BeforeSuite createReport" time="0.0">
    <ignored/>
  </testcase> <!-- @BeforeSuite createReport -->
</testsuite> <!-- ChromeTest -->
