<?xml version="1.0" encoding="UTF-8"?>
<testng-results ignored="0" total="15" passed="15" failed="0" skipped="0">
  <reporter-output>
  </reporter-output>
  <suite started-at="2025-08-25T00:44:41 IST" name="Suite" finished-at="2025-08-25T00:46:52 IST" duration-ms="131191">
    <groups>
    </groups>
    <test started-at="2025-08-25T00:44:41 IST" name="ChromeTest" finished-at="2025-08-25T00:46:42 IST" duration-ms="121605">
      <class name="tests.TC_003_CartTest">
        <test-method is-config="true" signature="setup()[pri:0, instance:tests.TC_003_CartTest@6302bbb1]" started-at="2025-08-25T00:44:41 IST" name="setup" finished-at="2025-08-25T00:44:41 IST" duration-ms="0" status="PASS">
          <reporter-output>
          </reporter-output>
        </test-method> <!-- setup -->
        <test-method is-config="true" signature="testDetails()[pri:0, instance:tests.TC_003_CartTest@6302bbb1]" started-at="2025-08-25T00:45:13 IST" name="testDetails" finished-at="2025-08-25T00:45:13 IST" duration-ms="1" status="PASS">
          <reporter-output>
          </reporter-output>
        </test-method> <!-- testDetails -->
        <test-method is-config="true" signature="browserLaunchAndUrlLoad(java.lang.String,java.lang.String)[pri:0, instance:tests.TC_003_CartTest@6302bbb1]" started-at="2025-08-25T00:45:13 IST" name="browserLaunchAndUrlLoad" finished-at="2025-08-25T00:45:15 IST" duration-ms="2088" status="PASS">
          <params>
            <param index="0">
              <value>
                <![CDATA[Chrome]]>
              </value>
            </param>
            <param index="1">
              <value>
                <![CDATA[https://www.demoblaze.com/]]>
              </value>
            </param>
          </params>
          <reporter-output>
          </reporter-output>
        </test-method> <!-- browserLaunchAndUrlLoad -->
        <test-method signature="testFullCartFlow()[pri:0, instance:tests.TC_003_CartTest@6302bbb1]" started-at="2025-08-25T00:45:15 IST" name="testFullCartFlow" finished-at="2025-08-25T00:45:43 IST" duration-ms="27927" status="PASS">
          <reporter-output>
          </reporter-output>
        </test-method> <!-- testFullCartFlow -->
        <test-method is-config="true" signature="closeBrowser()[pri:0, instance:tests.TC_003_CartTest@6302bbb1]" started-at="2025-08-25T00:45:43 IST" name="closeBrowser" finished-at="2025-08-25T00:45:43 IST" duration-ms="275" status="PASS">
          <reporter-output>
          </reporter-output>
        </test-method> <!-- closeBrowser -->
      </class> <!-- tests.TC_003_CartTest -->
      <class name="tests.TC_005_NavigationTest">
        <test-method is-config="true" signature="setup()[pri:0, instance:tests.TC_005_NavigationTest@34a3d150]" started-at="2025-08-25T00:44:41 IST" name="setup" finished-at="2025-08-25T00:44:41 IST" duration-ms="1" status="PASS">
          <reporter-output>
          </reporter-output>
        </test-method> <!-- setup -->
        <test-method is-config="true" signature="browserLaunchAndUrlLoad(java.lang.String,java.lang.String)[pri:0, instance:tests.TC_005_NavigationTest@34a3d150]" started-at="2025-08-25T00:46:10 IST" name="browserLaunchAndUrlLoad" finished-at="2025-08-25T00:46:14 IST" duration-ms="3832" status="PASS">
          <params>
            <param index="0">
              <value>
                <![CDATA[Chrome]]>
              </value>
            </param>
            <param index="1">
              <value>
                <![CDATA[https://www.demoblaze.com/]]>
              </value>
            </param>
          </params>
          <reporter-output>
          </reporter-output>
        </test-method> <!-- browserLaunchAndUrlLoad -->
        <test-method is-config="true" signature="testDetails()[pri:0, instance:tests.TC_005_NavigationTest@34a3d150]" started-at="2025-08-25T00:46:10 IST" name="testDetails" finished-at="2025-08-25T00:46:10 IST" duration-ms="0" status="PASS">
          <reporter-output>
          </reporter-output>
        </test-method> <!-- testDetails -->
        <test-method signature="testBrowsing()[pri:0, instance:tests.TC_005_NavigationTest@34a3d150]" started-at="2025-08-25T00:46:14 IST" name="testBrowsing" finished-at="2025-08-25T00:46:22 IST" duration-ms="8261" status="PASS">
          <reporter-output>
          </reporter-output>
        </test-method> <!-- testBrowsing -->
        <test-method is-config="true" signature="closeBrowser()[pri:0, instance:tests.TC_005_NavigationTest@34a3d150]" started-at="2025-08-25T00:46:23 IST" name="closeBrowser" finished-at="2025-08-25T00:46:23 IST" duration-ms="315" status="PASS">
          <reporter-output>
          </reporter-output>
        </test-method> <!-- closeBrowser -->
      </class> <!-- tests.TC_005_NavigationTest -->
      <class name="tests.TC_001_SignUpTest">
        <test-method is-config="true" signature="setup()[pri:0, instance:tests.TC_001_SignUpTest@4c371370]" started-at="2025-08-25T00:44:41 IST" name="setup" finished-at="2025-08-25T00:44:41 IST" duration-ms="1" status="PASS">
          <reporter-output>
          </reporter-output>
        </test-method> <!-- setup -->
        <test-method is-config="true" signature="testDetails()[pri:0, instance:tests.TC_001_SignUpTest@4c371370]" started-at="2025-08-25T00:44:41 IST" name="testDetails" finished-at="2025-08-25T00:44:41 IST" duration-ms="5" status="PASS">
          <reporter-output>
          </reporter-output>
        </test-method> <!-- testDetails -->
        <test-method is-config="true" signature="browserLaunchAndUrlLoad(java.lang.String,java.lang.String)[pri:0, instance:tests.TC_001_SignUpTest@4c371370]" started-at="2025-08-25T00:44:41 IST" name="browserLaunchAndUrlLoad" finished-at="2025-08-25T00:44:45 IST" duration-ms="4180" status="PASS">
          <params>
            <param index="0">
              <value>
                <![CDATA[Chrome]]>
              </value>
            </param>
            <param index="1">
              <value>
                <![CDATA[https://www.demoblaze.com/]]>
              </value>
            </param>
          </params>
          <reporter-output>
          </reporter-output>
        </test-method> <!-- browserLaunchAndUrlLoad -->
        <test-method signature="testSignUpWithNewUser()[pri:1, instance:tests.TC_001_SignUpTest@4c371370]" started-at="2025-08-25T00:44:45 IST" name="testSignUpWithNewUser" finished-at="2025-08-25T00:44:46 IST" duration-ms="1487" status="PASS">
          <reporter-output>
          </reporter-output>
        </test-method> <!-- testSignUpWithNewUser -->
        <test-method is-config="true" signature="closeBrowser()[pri:0, instance:tests.TC_001_SignUpTest@4c371370]" started-at="2025-08-25T00:44:46 IST" name="closeBrowser" finished-at="2025-08-25T00:44:47 IST" duration-ms="240" status="PASS">
          <reporter-output>
          </reporter-output>
        </test-method> <!-- closeBrowser -->
        <test-method is-config="true" signature="browserLaunchAndUrlLoad(java.lang.String,java.lang.String)[pri:0, instance:tests.TC_001_SignUpTest@4c371370]" started-at="2025-08-25T00:44:47 IST" name="browserLaunchAndUrlLoad" finished-at="2025-08-25T00:44:49 IST" duration-ms="2679" status="PASS">
          <params>
            <param index="0">
              <value>
                <![CDATA[Chrome]]>
              </value>
            </param>
            <param index="1">
              <value>
                <![CDATA[https://www.demoblaze.com/]]>
              </value>
            </param>
          </params>
          <reporter-output>
          </reporter-output>
        </test-method> <!-- browserLaunchAndUrlLoad -->
        <test-method signature="testSignUpWithExistingUser()[pri:2, instance:tests.TC_001_SignUpTest@4c371370]" started-at="2025-08-25T00:44:49 IST" name="testSignUpWithExistingUser" finished-at="2025-08-25T00:44:51 IST" duration-ms="1452" status="PASS">
          <reporter-output>
          </reporter-output>
        </test-method> <!-- testSignUpWithExistingUser -->
        <test-method is-config="true" signature="closeBrowser()[pri:0, instance:tests.TC_001_SignUpTest@4c371370]" started-at="2025-08-25T00:44:51 IST" name="closeBrowser" finished-at="2025-08-25T00:44:51 IST" duration-ms="280" status="PASS">
          <reporter-output>
          </reporter-output>
        </test-method> <!-- closeBrowser -->
        <test-method is-config="true" signature="browserLaunchAndUrlLoad(java.lang.String,java.lang.String)[pri:0, instance:tests.TC_001_SignUpTest@4c371370]" started-at="2025-08-25T00:44:51 IST" name="browserLaunchAndUrlLoad" finished-at="2025-08-25T00:44:54 IST" duration-ms="3032" status="PASS">
          <params>
            <param index="0">
              <value>
                <![CDATA[Chrome]]>
              </value>
            </param>
            <param index="1">
              <value>
                <![CDATA[https://www.demoblaze.com/]]>
              </value>
            </param>
          </params>
          <reporter-output>
          </reporter-output>
        </test-method> <!-- browserLaunchAndUrlLoad -->
        <test-method signature="testSignUpWithEmptyFields()[pri:3, instance:tests.TC_001_SignUpTest@4c371370]" started-at="2025-08-25T00:44:54 IST" name="testSignUpWithEmptyFields" finished-at="2025-08-25T00:44:55 IST" duration-ms="377" status="PASS">
          <reporter-output>
          </reporter-output>
        </test-method> <!-- testSignUpWithEmptyFields -->
        <test-method is-config="true" signature="closeBrowser()[pri:0, instance:tests.TC_001_SignUpTest@4c371370]" started-at="2025-08-25T00:44:55 IST" name="closeBrowser" finished-at="2025-08-25T00:44:55 IST" duration-ms="239" status="PASS">
          <reporter-output>
          </reporter-output>
        </test-method> <!-- closeBrowser -->
      </class> <!-- tests.TC_001_SignUpTest -->
      <class name="tests.TC_006_UiTest">
        <test-method is-config="true" signature="setup()[pri:0, instance:tests.TC_006_UiTest@2a4fb17b]" started-at="2025-08-25T00:44:41 IST" name="setup" finished-at="2025-08-25T00:44:41 IST" duration-ms="0" status="PASS">
          <reporter-output>
          </reporter-output>
        </test-method> <!-- setup -->
        <test-method is-config="true" signature="testDetails()[pri:0, instance:tests.TC_006_UiTest@2a4fb17b]" started-at="2025-08-25T00:46:23 IST" name="testDetails" finished-at="2025-08-25T00:46:23 IST" duration-ms="0" status="PASS">
          <reporter-output>
          </reporter-output>
        </test-method> <!-- testDetails -->
        <test-method is-config="true" signature="browserLaunchAndUrlLoad(java.lang.String,java.lang.String)[pri:0, instance:tests.TC_006_UiTest@2a4fb17b]" started-at="2025-08-25T00:46:23 IST" name="browserLaunchAndUrlLoad" finished-at="2025-08-25T00:46:27 IST" duration-ms="3705" status="PASS">
          <params>
            <param index="0">
              <value>
                <![CDATA[Chrome]]>
              </value>
            </param>
            <param index="1">
              <value>
                <![CDATA[https://www.demoblaze.com/]]>
              </value>
            </param>
          </params>
          <reporter-output>
          </reporter-output>
        </test-method> <!-- browserLaunchAndUrlLoad -->
        <test-method signature="verifyProductTileAlignment()[pri:1, instance:tests.TC_006_UiTest@2a4fb17b]" started-at="2025-08-25T00:46:27 IST" name="verifyProductTileAlignment" finished-at="2025-08-25T00:46:27 IST" duration-ms="492" status="PASS">
          <reporter-output>
          </reporter-output>
        </test-method> <!-- verifyProductTileAlignment -->
        <test-method is-config="true" signature="closeBrowser()[pri:0, instance:tests.TC_006_UiTest@2a4fb17b]" started-at="2025-08-25T00:46:27 IST" name="closeBrowser" finished-at="2025-08-25T00:46:28 IST" duration-ms="268" status="PASS">
          <reporter-output>
          </reporter-output>
        </test-method> <!-- closeBrowser -->
        <test-method is-config="true" signature="browserLaunchAndUrlLoad(java.lang.String,java.lang.String)[pri:0, instance:tests.TC_006_UiTest@2a4fb17b]" started-at="2025-08-25T00:46:28 IST" name="browserLaunchAndUrlLoad" finished-at="2025-08-25T00:46:30 IST" duration-ms="2421" status="PASS">
          <params>
            <param index="0">
              <value>
                <![CDATA[Chrome]]>
              </value>
            </param>
            <param index="1">
              <value>
                <![CDATA[https://www.demoblaze.com/]]>
              </value>
            </param>
          </params>
          <reporter-output>
          </reporter-output>
        </test-method> <!-- browserLaunchAndUrlLoad -->
        <test-method signature="verifyActionButtonsVisibility()[pri:2, instance:tests.TC_006_UiTest@2a4fb17b]" started-at="2025-08-25T00:46:30 IST" name="verifyActionButtonsVisibility" finished-at="2025-08-25T00:46:30 IST" duration-ms="394" status="PASS">
          <reporter-output>
          </reporter-output>
        </test-method> <!-- verifyActionButtonsVisibility -->
        <test-method is-config="true" signature="closeBrowser()[pri:0, instance:tests.TC_006_UiTest@2a4fb17b]" started-at="2025-08-25T00:46:31 IST" name="closeBrowser" finished-at="2025-08-25T00:46:31 IST" duration-ms="243" status="PASS">
          <reporter-output>
          </reporter-output>
        </test-method> <!-- closeBrowser -->
        <test-method is-config="true" signature="browserLaunchAndUrlLoad(java.lang.String,java.lang.String)[pri:0, instance:tests.TC_006_UiTest@2a4fb17b]" started-at="2025-08-25T00:46:31 IST" name="browserLaunchAndUrlLoad" finished-at="2025-08-25T00:46:33 IST" duration-ms="2152" status="PASS">
          <params>
            <param index="0">
              <value>
                <![CDATA[Chrome]]>
              </value>
            </param>
            <param index="1">
              <value>
                <![CDATA[https://www.demoblaze.com/]]>
              </value>
            </param>
          </params>
          <reporter-output>
          </reporter-output>
        </test-method> <!-- browserLaunchAndUrlLoad -->
        <test-method signature="verifyAlertStyling()[pri:3, instance:tests.TC_006_UiTest@2a4fb17b]" started-at="2025-08-25T00:46:33 IST" name="verifyAlertStyling" finished-at="2025-08-25T00:46:42 IST" duration-ms="8792" status="PASS">
          <reporter-output>
          </reporter-output>
        </test-method> <!-- verifyAlertStyling -->
        <test-method is-config="true" signature="closeBrowser()[pri:0, instance:tests.TC_006_UiTest@2a4fb17b]" started-at="2025-08-25T00:46:42 IST" name="closeBrowser" finished-at="2025-08-25T00:46:42 IST" duration-ms="260" status="PASS">
          <reporter-output>
          </reporter-output>
        </test-method> <!-- closeBrowser -->
      </class> <!-- tests.TC_006_UiTest -->
      <class name="tests.TC_002_LogInTest">
        <test-method is-config="true" signature="setup()[pri:0, instance:tests.TC_002_LogInTest@4135c3b]" started-at="2025-08-25T00:44:41 IST" name="setup" finished-at="2025-08-25T00:44:41 IST" duration-ms="0" status="PASS">
          <reporter-output>
          </reporter-output>
        </test-method> <!-- setup -->
        <test-method is-config="true" signature="testDetails()[pri:0, instance:tests.TC_002_LogInTest@4135c3b]" started-at="2025-08-25T00:44:55 IST" name="testDetails" finished-at="2025-08-25T00:44:55 IST" duration-ms="1" status="PASS">
          <reporter-output>
          </reporter-output>
        </test-method> <!-- testDetails -->
        <test-method is-config="true" signature="browserLaunchAndUrlLoad(java.lang.String,java.lang.String)[pri:0, instance:tests.TC_002_LogInTest@4135c3b]" started-at="2025-08-25T00:44:55 IST" name="browserLaunchAndUrlLoad" finished-at="2025-08-25T00:44:58 IST" duration-ms="2550" status="PASS">
          <params>
            <param index="0">
              <value>
                <![CDATA[Chrome]]>
              </value>
            </param>
            <param index="1">
              <value>
                <![CDATA[https://www.demoblaze.com/]]>
              </value>
            </param>
          </params>
          <reporter-output>
          </reporter-output>
        </test-method> <!-- browserLaunchAndUrlLoad -->
        <test-method signature="testLoginValidCredentials()[pri:1, instance:tests.TC_002_LogInTest@4135c3b]" started-at="2025-08-25T00:44:58 IST" name="testLoginValidCredentials" finished-at="2025-08-25T00:45:00 IST" duration-ms="2742" status="PASS">
          <reporter-output>
          </reporter-output>
        </test-method> <!-- testLoginValidCredentials -->
        <test-method is-config="true" signature="closeBrowser()[pri:0, instance:tests.TC_002_LogInTest@4135c3b]" started-at="2025-08-25T00:45:01 IST" name="closeBrowser" finished-at="2025-08-25T00:45:01 IST" duration-ms="216" status="PASS">
          <reporter-output>
          </reporter-output>
        </test-method> <!-- closeBrowser -->
        <test-method is-config="true" signature="browserLaunchAndUrlLoad(java.lang.String,java.lang.String)[pri:0, instance:tests.TC_002_LogInTest@4135c3b]" started-at="2025-08-25T00:45:01 IST" name="browserLaunchAndUrlLoad" finished-at="2025-08-25T00:45:05 IST" duration-ms="3726" status="PASS">
          <params>
            <param index="0">
              <value>
                <![CDATA[Chrome]]>
              </value>
            </param>
            <param index="1">
              <value>
                <![CDATA[https://www.demoblaze.com/]]>
              </value>
            </param>
          </params>
          <reporter-output>
          </reporter-output>
        </test-method> <!-- browserLaunchAndUrlLoad -->
        <test-method signature="testLoginInvalidPassword()[pri:2, instance:tests.TC_002_LogInTest@4135c3b]" started-at="2025-08-25T00:45:05 IST" name="testLoginInvalidPassword" finished-at="2025-08-25T00:45:06 IST" duration-ms="1428" status="PASS">
          <reporter-output>
          </reporter-output>
        </test-method> <!-- testLoginInvalidPassword -->
        <test-method is-config="true" signature="closeBrowser()[pri:0, instance:tests.TC_002_LogInTest@4135c3b]" started-at="2025-08-25T00:45:06 IST" name="closeBrowser" finished-at="2025-08-25T00:45:06 IST" duration-ms="323" status="PASS">
          <reporter-output>
          </reporter-output>
        </test-method> <!-- closeBrowser -->
        <test-method is-config="true" signature="browserLaunchAndUrlLoad(java.lang.String,java.lang.String)[pri:0, instance:tests.TC_002_LogInTest@4135c3b]" started-at="2025-08-25T00:45:06 IST" name="browserLaunchAndUrlLoad" finished-at="2025-08-25T00:45:09 IST" duration-ms="2480" status="PASS">
          <params>
            <param index="0">
              <value>
                <![CDATA[Chrome]]>
              </value>
            </param>
            <param index="1">
              <value>
                <![CDATA[https://www.demoblaze.com/]]>
              </value>
            </param>
          </params>
          <reporter-output>
          </reporter-output>
        </test-method> <!-- browserLaunchAndUrlLoad -->
        <test-method signature="testLoginEmptyFields()[pri:3, instance:tests.TC_002_LogInTest@4135c3b]" started-at="2025-08-25T00:45:09 IST" name="testLoginEmptyFields" finished-at="2025-08-25T00:45:09 IST" duration-ms="358" status="PASS">
          <reporter-output>
          </reporter-output>
        </test-method> <!-- testLoginEmptyFields -->
        <test-method is-config="true" signature="closeBrowser()[pri:0, instance:tests.TC_002_LogInTest@4135c3b]" started-at="2025-08-25T00:45:09 IST" name="closeBrowser" finished-at="2025-08-25T00:45:10 IST" duration-ms="271" status="PASS">
          <reporter-output>
          </reporter-output>
        </test-method> <!-- closeBrowser -->
        <test-method is-config="true" signature="browserLaunchAndUrlLoad(java.lang.String,java.lang.String)[pri:0, instance:tests.TC_002_LogInTest@4135c3b]" started-at="2025-08-25T00:45:10 IST" name="browserLaunchAndUrlLoad" finished-at="2025-08-25T00:45:12 IST" duration-ms="2375" status="PASS">
          <params>
            <param index="0">
              <value>
                <![CDATA[Chrome]]>
              </value>
            </param>
            <param index="1">
              <value>
                <![CDATA[https://www.demoblaze.com/]]>
              </value>
            </param>
          </params>
          <reporter-output>
          </reporter-output>
        </test-method> <!-- browserLaunchAndUrlLoad -->
        <test-method signature="testPasswordFieldIsMasked()[pri:4, instance:tests.TC_002_LogInTest@4135c3b]" started-at="2025-08-25T00:45:12 IST" name="testPasswordFieldIsMasked" finished-at="2025-08-25T00:45:12 IST" duration-ms="359" status="PASS">
          <reporter-output>
          </reporter-output>
        </test-method> <!-- testPasswordFieldIsMasked -->
        <test-method is-config="true" signature="closeBrowser()[pri:0, instance:tests.TC_002_LogInTest@4135c3b]" started-at="2025-08-25T00:45:13 IST" name="closeBrowser" finished-at="2025-08-25T00:45:13 IST" duration-ms="239" status="PASS">
          <reporter-output>
          </reporter-output>
        </test-method> <!-- closeBrowser -->
      </class> <!-- tests.TC_002_LogInTest -->
      <class name="tests.TC_004_OrderTest">
        <test-method is-config="true" signature="setup()[pri:0, instance:tests.TC_004_OrderTest@31304f14]" started-at="2025-08-25T00:44:41 IST" name="setup" finished-at="2025-08-25T00:44:41 IST" duration-ms="0" status="PASS">
          <reporter-output>
          </reporter-output>
        </test-method> <!-- setup -->
        <test-method is-config="true" signature="testDetails()[pri:0, instance:tests.TC_004_OrderTest@31304f14]" started-at="2025-08-25T00:45:43 IST" name="testDetails" finished-at="2025-08-25T00:45:43 IST" duration-ms="0" status="PASS">
          <reporter-output>
          </reporter-output>
        </test-method> <!-- testDetails -->
        <test-method is-config="true" signature="browserLaunchAndUrlLoad(java.lang.String,java.lang.String)[pri:0, instance:tests.TC_004_OrderTest@31304f14]" started-at="2025-08-25T00:45:43 IST" name="browserLaunchAndUrlLoad" finished-at="2025-08-25T00:45:47 IST" duration-ms="3826" status="PASS">
          <params>
            <param index="0">
              <value>
                <![CDATA[Chrome]]>
              </value>
            </param>
            <param index="1">
              <value>
                <![CDATA[https://www.demoblaze.com/]]>
              </value>
            </param>
          </params>
          <reporter-output>
          </reporter-output>
        </test-method> <!-- browserLaunchAndUrlLoad -->
        <test-method signature="emptyFormTest()[pri:0, instance:tests.TC_004_OrderTest@31304f14]" started-at="2025-08-25T00:45:47 IST" name="emptyFormTest" finished-at="2025-08-25T00:45:53 IST" duration-ms="5656" status="PASS">
          <reporter-output>
          </reporter-output>
        </test-method> <!-- emptyFormTest -->
        <test-method is-config="true" signature="closeBrowser()[pri:0, instance:tests.TC_004_OrderTest@31304f14]" started-at="2025-08-25T00:45:53 IST" name="closeBrowser" finished-at="2025-08-25T00:45:53 IST" duration-ms="257" status="PASS">
          <reporter-output>
          </reporter-output>
        </test-method> <!-- closeBrowser -->
        <test-method is-config="true" signature="browserLaunchAndUrlLoad(java.lang.String,java.lang.String)[pri:0, instance:tests.TC_004_OrderTest@31304f14]" started-at="2025-08-25T00:45:53 IST" name="browserLaunchAndUrlLoad" finished-at="2025-08-25T00:45:56 IST" duration-ms="2479" status="PASS">
          <params>
            <param index="0">
              <value>
                <![CDATA[Chrome]]>
              </value>
            </param>
            <param index="1">
              <value>
                <![CDATA[https://www.demoblaze.com/]]>
              </value>
            </param>
          </params>
          <reporter-output>
          </reporter-output>
        </test-method> <!-- browserLaunchAndUrlLoad -->
        <test-method signature="validDetailsTest()[pri:0, instance:tests.TC_004_OrderTest@31304f14]" started-at="2025-08-25T00:45:56 IST" name="validDetailsTest" finished-at="2025-08-25T00:46:10 IST" duration-ms="14282" status="PASS">
          <reporter-output>
          </reporter-output>
        </test-method> <!-- validDetailsTest -->
        <test-method is-config="true" signature="closeBrowser()[pri:0, instance:tests.TC_004_OrderTest@31304f14]" started-at="2025-08-25T00:46:10 IST" name="closeBrowser" finished-at="2025-08-25T00:46:10 IST" duration-ms="265" status="PASS">
          <reporter-output>
          </reporter-output>
        </test-method> <!-- closeBrowser -->
      </class> <!-- tests.TC_004_OrderTest -->
    </test> <!-- ChromeTest -->
    <test started-at="2025-08-25T00:46:42 IST" name="EdgeTest" finished-at="2025-08-25T00:46:52 IST" duration-ms="9569">
      <class name="tests.TC_007_LogOutTest">
        <test-method is-config="true" signature="createReport()[pri:0, instance:tests.TC_007_LogOutTest@36ebc363]" started-at="2025-08-25T00:44:40 IST" name="createReport" finished-at="2025-08-25T00:44:41 IST" duration-ms="152" status="PASS">
          <reporter-output>
          </reporter-output>
        </test-method> <!-- createReport -->
        <test-method is-config="true" signature="setup()[pri:0, instance:tests.TC_007_LogOutTest@36ebc363]" started-at="2025-08-25T00:46:42 IST" name="setup" finished-at="2025-08-25T00:46:42 IST" duration-ms="1" status="PASS">
          <reporter-output>
          </reporter-output>
        </test-method> <!-- setup -->
        <test-method is-config="true" signature="browserLaunchAndUrlLoad(java.lang.String,java.lang.String)[pri:0, instance:tests.TC_007_LogOutTest@36ebc363]" started-at="2025-08-25T00:46:42 IST" name="browserLaunchAndUrlLoad" finished-at="2025-08-25T00:46:46 IST" duration-ms="3367" status="PASS">
          <params>
            <param index="0">
              <value>
                <![CDATA[Edge]]>
              </value>
            </param>
            <param index="1">
              <value>
                <![CDATA[https://www.demoblaze.com/]]>
              </value>
            </param>
          </params>
          <reporter-output>
          </reporter-output>
        </test-method> <!-- browserLaunchAndUrlLoad -->
        <test-method is-config="true" signature="testDetails()[pri:0, instance:tests.TC_007_LogOutTest@36ebc363]" started-at="2025-08-25T00:46:42 IST" name="testDetails" finished-at="2025-08-25T00:46:42 IST" duration-ms="0" status="PASS">
          <reporter-output>
          </reporter-output>
        </test-method> <!-- testDetails -->
        <test-method signature="testLogOut()[pri:0, instance:tests.TC_007_LogOutTest@36ebc363]" started-at="2025-08-25T00:46:46 IST" name="testLogOut" finished-at="2025-08-25T00:46:51 IST" duration-ms="5834" status="PASS">
          <reporter-output>
          </reporter-output>
        </test-method> <!-- testLogOut -->
        <test-method is-config="true" signature="closeBrowser()[pri:0, instance:tests.TC_007_LogOutTest@36ebc363]" started-at="2025-08-25T00:46:52 IST" name="closeBrowser" finished-at="2025-08-25T00:46:52 IST" duration-ms="204" status="PASS">
          <reporter-output>
          </reporter-output>
        </test-method> <!-- closeBrowser -->
        <test-method is-config="true" signature="closeReport()[pri:0, instance:tests.TC_007_LogOutTest@36ebc363]" started-at="2025-08-25T00:46:52 IST" name="closeReport" finished-at="2025-08-25T00:46:52 IST" duration-ms="282" status="PASS">
          <reporter-output>
          </reporter-output>
        </test-method> <!-- closeReport -->
      </class> <!-- tests.TC_007_LogOutTest -->
    </test> <!-- EdgeTest -->
  </suite> <!-- Suite -->
</testng-results>
