<?xml version="1.0" encoding="UTF-8"?>
<testng-results ignored="0" total="15" passed="15" failed="0" skipped="0">
  <reporter-output>
  </reporter-output>
  <suite started-at="2025-08-25T01:36:21 IST" name="Suite" finished-at="2025-08-25T01:38:28 IST" duration-ms="127753">
    <groups>
    </groups>
    <test started-at="2025-08-25T01:36:21 IST" name="ChromeTest" finished-at="2025-08-25T01:38:19 IST" duration-ms="118204">
      <class name="tests.TC_003_CartTest">
        <test-method is-config="true" signature="setup()[pri:0, instance:tests.TC_003_CartTest@510f3d34]" started-at="2025-08-25T01:36:21 IST" name="setup" finished-at="2025-08-25T01:36:21 IST" duration-ms="1" status="PASS">
          <reporter-output>
          </reporter-output>
        </test-method> <!-- setup -->
        <test-method is-config="true" signature="testDetails()[pri:0, instance:tests.TC_003_CartTest@510f3d34]" started-at="2025-08-25T01:36:50 IST" name="testDetails" finished-at="2025-08-25T01:36:50 IST" duration-ms="1" status="PASS">
          <reporter-output>
          </reporter-output>
        </test-method> <!-- testDetails -->
        <test-method is-config="true" signature="browserLaunchAndUrlLoad(java.lang.String,java.lang.String)[pri:0, instance:tests.TC_003_CartTest@510f3d34]" started-at="2025-08-25T01:36:50 IST" name="browserLaunchAndUrlLoad" finished-at="2025-08-25T01:36:52 IST" duration-ms="2157" status="PASS">
          <params>
            <param index="0">
              <value>
                <![CDATA[Chrome]]>
              </value>
            </param>
            <param index="1">
              <value>
                <![CDATA[https://www.demoblaze.com/]]>
              </value>
            </param>
          </params>
          <reporter-output>
          </reporter-output>
        </test-method> <!-- browserLaunchAndUrlLoad -->
        <test-method signature="testFullCartFlow()[pri:0, instance:tests.TC_003_CartTest@510f3d34]" started-at="2025-08-25T01:36:52 IST" name="testFullCartFlow" finished-at="2025-08-25T01:37:19 IST" duration-ms="27486" status="PASS">
          <reporter-output>
          </reporter-output>
        </test-method> <!-- testFullCartFlow -->
        <test-method is-config="true" signature="closeBrowser()[pri:0, instance:tests.TC_003_CartTest@510f3d34]" started-at="2025-08-25T01:37:19 IST" name="closeBrowser" finished-at="2025-08-25T01:37:20 IST" duration-ms="256" status="PASS">
          <reporter-output>
          </reporter-output>
        </test-method> <!-- closeBrowser -->
      </class> <!-- tests.TC_003_CartTest -->
      <class name="tests.TC_005_NavigationTest">
        <test-method is-config="true" signature="setup()[pri:0, instance:tests.TC_005_NavigationTest@8297b3a]" started-at="2025-08-25T01:36:21 IST" name="setup" finished-at="2025-08-25T01:36:21 IST" duration-ms="0" status="PASS">
          <reporter-output>
          </reporter-output>
        </test-method> <!-- setup -->
        <test-method is-config="true" signature="testDetails()[pri:0, instance:tests.TC_005_NavigationTest@8297b3a]" started-at="2025-08-25T01:37:46 IST" name="testDetails" finished-at="2025-08-25T01:37:46 IST" duration-ms="0" status="PASS">
          <reporter-output>
          </reporter-output>
        </test-method> <!-- testDetails -->
        <test-method is-config="true" signature="browserLaunchAndUrlLoad(java.lang.String,java.lang.String)[pri:0, instance:tests.TC_005_NavigationTest@8297b3a]" started-at="2025-08-25T01:37:46 IST" name="browserLaunchAndUrlLoad" finished-at="2025-08-25T01:37:50 IST" duration-ms="3778" status="PASS">
          <params>
            <param index="0">
              <value>
                <![CDATA[Chrome]]>
              </value>
            </param>
            <param index="1">
              <value>
                <![CDATA[https://www.demoblaze.com/]]>
              </value>
            </param>
          </params>
          <reporter-output>
          </reporter-output>
        </test-method> <!-- browserLaunchAndUrlLoad -->
        <test-method signature="testBrowsing()[pri:0, instance:tests.TC_005_NavigationTest@8297b3a]" started-at="2025-08-25T01:37:50 IST" name="testBrowsing" finished-at="2025-08-25T01:37:58 IST" duration-ms="8298" status="PASS">
          <reporter-output>
          </reporter-output>
        </test-method> <!-- testBrowsing -->
        <test-method is-config="true" signature="closeBrowser()[pri:0, instance:tests.TC_005_NavigationTest@8297b3a]" started-at="2025-08-25T01:37:59 IST" name="closeBrowser" finished-at="2025-08-25T01:37:59 IST" duration-ms="355" status="PASS">
          <reporter-output>
          </reporter-output>
        </test-method> <!-- closeBrowser -->
      </class> <!-- tests.TC_005_NavigationTest -->
      <class name="tests.TC_001_SignUpTest">
        <test-method is-config="true" signature="setup()[pri:0, instance:tests.TC_001_SignUpTest@45c7e403]" started-at="2025-08-25T01:36:21 IST" name="setup" finished-at="2025-08-25T01:36:21 IST" duration-ms="1" status="PASS">
          <reporter-output>
          </reporter-output>
        </test-method> <!-- setup -->
        <test-method is-config="true" signature="testDetails()[pri:0, instance:tests.TC_001_SignUpTest@45c7e403]" started-at="2025-08-25T01:36:21 IST" name="testDetails" finished-at="2025-08-25T01:36:21 IST" duration-ms="6" status="PASS">
          <reporter-output>
          </reporter-output>
        </test-method> <!-- testDetails -->
        <test-method is-config="true" signature="browserLaunchAndUrlLoad(java.lang.String,java.lang.String)[pri:0, instance:tests.TC_001_SignUpTest@45c7e403]" started-at="2025-08-25T01:36:21 IST" name="browserLaunchAndUrlLoad" finished-at="2025-08-25T01:36:25 IST" duration-ms="4731" status="PASS">
          <params>
            <param index="0">
              <value>
                <![CDATA[Chrome]]>
              </value>
            </param>
            <param index="1">
              <value>
                <![CDATA[https://www.demoblaze.com/]]>
              </value>
            </param>
          </params>
          <reporter-output>
          </reporter-output>
        </test-method> <!-- browserLaunchAndUrlLoad -->
        <test-method signature="testSignUpWithNewUser()[pri:1, instance:tests.TC_001_SignUpTest@45c7e403]" started-at="2025-08-25T01:36:25 IST" name="testSignUpWithNewUser" finished-at="2025-08-25T01:36:27 IST" duration-ms="1455" status="PASS">
          <reporter-output>
          </reporter-output>
        </test-method> <!-- testSignUpWithNewUser -->
        <test-method is-config="true" signature="closeBrowser()[pri:0, instance:tests.TC_001_SignUpTest@45c7e403]" started-at="2025-08-25T01:36:27 IST" name="closeBrowser" finished-at="2025-08-25T01:36:27 IST" duration-ms="251" status="PASS">
          <reporter-output>
          </reporter-output>
        </test-method> <!-- closeBrowser -->
        <test-method is-config="true" signature="browserLaunchAndUrlLoad(java.lang.String,java.lang.String)[pri:0, instance:tests.TC_001_SignUpTest@45c7e403]" started-at="2025-08-25T01:36:27 IST" name="browserLaunchAndUrlLoad" finished-at="2025-08-25T01:36:30 IST" duration-ms="2629" status="PASS">
          <params>
            <param index="0">
              <value>
                <![CDATA[Chrome]]>
              </value>
            </param>
            <param index="1">
              <value>
                <![CDATA[https://www.demoblaze.com/]]>
              </value>
            </param>
          </params>
          <reporter-output>
          </reporter-output>
        </test-method> <!-- browserLaunchAndUrlLoad -->
        <test-method signature="testSignUpWithExistingUser()[pri:2, instance:tests.TC_001_SignUpTest@45c7e403]" started-at="2025-08-25T01:36:30 IST" name="testSignUpWithExistingUser" finished-at="2025-08-25T01:36:31 IST" duration-ms="1424" status="PASS">
          <reporter-output>
          </reporter-output>
        </test-method> <!-- testSignUpWithExistingUser -->
        <test-method is-config="true" signature="closeBrowser()[pri:0, instance:tests.TC_001_SignUpTest@45c7e403]" started-at="2025-08-25T01:36:31 IST" name="closeBrowser" finished-at="2025-08-25T01:36:32 IST" duration-ms="219" status="PASS">
          <reporter-output>
          </reporter-output>
        </test-method> <!-- closeBrowser -->
        <test-method is-config="true" signature="browserLaunchAndUrlLoad(java.lang.String,java.lang.String)[pri:0, instance:tests.TC_001_SignUpTest@45c7e403]" started-at="2025-08-25T01:36:32 IST" name="browserLaunchAndUrlLoad" finished-at="2025-08-25T01:36:34 IST" duration-ms="1898" status="PASS">
          <params>
            <param index="0">
              <value>
                <![CDATA[Chrome]]>
              </value>
            </param>
            <param index="1">
              <value>
                <![CDATA[https://www.demoblaze.com/]]>
              </value>
            </param>
          </params>
          <reporter-output>
          </reporter-output>
        </test-method> <!-- browserLaunchAndUrlLoad -->
        <test-method signature="testSignUpWithEmptyFields()[pri:3, instance:tests.TC_001_SignUpTest@45c7e403]" started-at="2025-08-25T01:36:34 IST" name="testSignUpWithEmptyFields" finished-at="2025-08-25T01:36:34 IST" duration-ms="389" status="PASS">
          <reporter-output>
          </reporter-output>
        </test-method> <!-- testSignUpWithEmptyFields -->
        <test-method is-config="true" signature="closeBrowser()[pri:0, instance:tests.TC_001_SignUpTest@45c7e403]" started-at="2025-08-25T01:36:34 IST" name="closeBrowser" finished-at="2025-08-25T01:36:34 IST" duration-ms="226" status="PASS">
          <reporter-output>
          </reporter-output>
        </test-method> <!-- closeBrowser -->
      </class> <!-- tests.TC_001_SignUpTest -->
      <class name="tests.TC_006_UiTest">
        <test-method is-config="true" signature="setup()[pri:0, instance:tests.TC_006_UiTest@2362f559]" started-at="2025-08-25T01:36:21 IST" name="setup" finished-at="2025-08-25T01:36:21 IST" duration-ms="1" status="PASS">
          <reporter-output>
          </reporter-output>
        </test-method> <!-- setup -->
        <test-method is-config="true" signature="browserLaunchAndUrlLoad(java.lang.String,java.lang.String)[pri:0, instance:tests.TC_006_UiTest@2362f559]" started-at="2025-08-25T01:37:59 IST" name="browserLaunchAndUrlLoad" finished-at="2025-08-25T01:38:01 IST" duration-ms="2363" status="PASS">
          <params>
            <param index="0">
              <value>
                <![CDATA[Chrome]]>
              </value>
            </param>
            <param index="1">
              <value>
                <![CDATA[https://www.demoblaze.com/]]>
              </value>
            </param>
          </params>
          <reporter-output>
          </reporter-output>
        </test-method> <!-- browserLaunchAndUrlLoad -->
        <test-method is-config="true" signature="testDetails()[pri:0, instance:tests.TC_006_UiTest@2362f559]" started-at="2025-08-25T01:37:59 IST" name="testDetails" finished-at="2025-08-25T01:37:59 IST" duration-ms="0" status="PASS">
          <reporter-output>
          </reporter-output>
        </test-method> <!-- testDetails -->
        <test-method signature="verifyProductTileAlignment()[pri:1, instance:tests.TC_006_UiTest@2362f559]" started-at="2025-08-25T01:38:01 IST" name="verifyProductTileAlignment" finished-at="2025-08-25T01:38:02 IST" duration-ms="572" status="PASS">
          <reporter-output>
          </reporter-output>
        </test-method> <!-- verifyProductTileAlignment -->
        <test-method is-config="true" signature="closeBrowser()[pri:0, instance:tests.TC_006_UiTest@2362f559]" started-at="2025-08-25T01:38:02 IST" name="closeBrowser" finished-at="2025-08-25T01:38:02 IST" duration-ms="246" status="PASS">
          <reporter-output>
          </reporter-output>
        </test-method> <!-- closeBrowser -->
        <test-method is-config="true" signature="browserLaunchAndUrlLoad(java.lang.String,java.lang.String)[pri:0, instance:tests.TC_006_UiTest@2362f559]" started-at="2025-08-25T01:38:02 IST" name="browserLaunchAndUrlLoad" finished-at="2025-08-25T01:38:05 IST" duration-ms="2749" status="PASS">
          <params>
            <param index="0">
              <value>
                <![CDATA[Chrome]]>
              </value>
            </param>
            <param index="1">
              <value>
                <![CDATA[https://www.demoblaze.com/]]>
              </value>
            </param>
          </params>
          <reporter-output>
          </reporter-output>
        </test-method> <!-- browserLaunchAndUrlLoad -->
        <test-method signature="verifyActionButtonsVisibility()[pri:2, instance:tests.TC_006_UiTest@2362f559]" started-at="2025-08-25T01:38:05 IST" name="verifyActionButtonsVisibility" finished-at="2025-08-25T01:38:05 IST" duration-ms="375" status="PASS">
          <reporter-output>
          </reporter-output>
        </test-method> <!-- verifyActionButtonsVisibility -->
        <test-method is-config="true" signature="closeBrowser()[pri:0, instance:tests.TC_006_UiTest@2362f559]" started-at="2025-08-25T01:38:05 IST" name="closeBrowser" finished-at="2025-08-25T01:38:06 IST" duration-ms="211" status="PASS">
          <reporter-output>
          </reporter-output>
        </test-method> <!-- closeBrowser -->
        <test-method is-config="true" signature="browserLaunchAndUrlLoad(java.lang.String,java.lang.String)[pri:0, instance:tests.TC_006_UiTest@2362f559]" started-at="2025-08-25T01:38:06 IST" name="browserLaunchAndUrlLoad" finished-at="2025-08-25T01:38:08 IST" duration-ms="2311" status="PASS">
          <params>
            <param index="0">
              <value>
                <![CDATA[Chrome]]>
              </value>
            </param>
            <param index="1">
              <value>
                <![CDATA[https://www.demoblaze.com/]]>
              </value>
            </param>
          </params>
          <reporter-output>
          </reporter-output>
        </test-method> <!-- browserLaunchAndUrlLoad -->
        <test-method signature="verifyAlertStyling()[pri:3, instance:tests.TC_006_UiTest@2362f559]" started-at="2025-08-25T01:38:08 IST" name="verifyAlertStyling" finished-at="2025-08-25T01:38:17 IST" duration-ms="8797" status="PASS">
          <reporter-output>
          </reporter-output>
        </test-method> <!-- verifyAlertStyling -->
        <test-method is-config="true" signature="closeBrowser()[pri:0, instance:tests.TC_006_UiTest@2362f559]" started-at="2025-08-25T01:38:17 IST" name="closeBrowser" finished-at="2025-08-25T01:38:19 IST" duration-ms="1765" status="PASS">
          <reporter-output>
          </reporter-output>
        </test-method> <!-- closeBrowser -->
      </class> <!-- tests.TC_006_UiTest -->
      <class name="tests.TC_002_LogInTest">
        <test-method is-config="true" signature="setup()[pri:0, instance:tests.TC_002_LogInTest@6ad82709]" started-at="2025-08-25T01:36:21 IST" name="setup" finished-at="2025-08-25T01:36:21 IST" duration-ms="0" status="PASS">
          <reporter-output>
          </reporter-output>
        </test-method> <!-- setup -->
        <test-method is-config="true" signature="testDetails()[pri:0, instance:tests.TC_002_LogInTest@6ad82709]" started-at="2025-08-25T01:36:34 IST" name="testDetails" finished-at="2025-08-25T01:36:34 IST" duration-ms="0" status="PASS">
          <reporter-output>
          </reporter-output>
        </test-method> <!-- testDetails -->
        <test-method is-config="true" signature="browserLaunchAndUrlLoad(java.lang.String,java.lang.String)[pri:0, instance:tests.TC_002_LogInTest@6ad82709]" started-at="2025-08-25T01:36:34 IST" name="browserLaunchAndUrlLoad" finished-at="2025-08-25T01:36:37 IST" duration-ms="2566" status="PASS">
          <params>
            <param index="0">
              <value>
                <![CDATA[Chrome]]>
              </value>
            </param>
            <param index="1">
              <value>
                <![CDATA[https://www.demoblaze.com/]]>
              </value>
            </param>
          </params>
          <reporter-output>
          </reporter-output>
        </test-method> <!-- browserLaunchAndUrlLoad -->
        <test-method signature="testLoginValidCredentials()[pri:1, instance:tests.TC_002_LogInTest@6ad82709]" started-at="2025-08-25T01:36:37 IST" name="testLoginValidCredentials" finished-at="2025-08-25T01:36:39 IST" duration-ms="2467" status="PASS">
          <reporter-output>
          </reporter-output>
        </test-method> <!-- testLoginValidCredentials -->
        <test-method is-config="true" signature="closeBrowser()[pri:0, instance:tests.TC_002_LogInTest@6ad82709]" started-at="2025-08-25T01:36:40 IST" name="closeBrowser" finished-at="2025-08-25T01:36:40 IST" duration-ms="213" status="PASS">
          <reporter-output>
          </reporter-output>
        </test-method> <!-- closeBrowser -->
        <test-method is-config="true" signature="browserLaunchAndUrlLoad(java.lang.String,java.lang.String)[pri:0, instance:tests.TC_002_LogInTest@6ad82709]" started-at="2025-08-25T01:36:40 IST" name="browserLaunchAndUrlLoad" finished-at="2025-08-25T01:36:42 IST" duration-ms="2353" status="PASS">
          <params>
            <param index="0">
              <value>
                <![CDATA[Chrome]]>
              </value>
            </param>
            <param index="1">
              <value>
                <![CDATA[https://www.demoblaze.com/]]>
              </value>
            </param>
          </params>
          <reporter-output>
          </reporter-output>
        </test-method> <!-- browserLaunchAndUrlLoad -->
        <test-method signature="testLoginInvalidPassword()[pri:2, instance:tests.TC_002_LogInTest@6ad82709]" started-at="2025-08-25T01:36:42 IST" name="testLoginInvalidPassword" finished-at="2025-08-25T01:36:44 IST" duration-ms="1355" status="PASS">
          <reporter-output>
          </reporter-output>
        </test-method> <!-- testLoginInvalidPassword -->
        <test-method is-config="true" signature="closeBrowser()[pri:0, instance:tests.TC_002_LogInTest@6ad82709]" started-at="2025-08-25T01:36:44 IST" name="closeBrowser" finished-at="2025-08-25T01:36:44 IST" duration-ms="221" status="PASS">
          <reporter-output>
          </reporter-output>
        </test-method> <!-- closeBrowser -->
        <test-method is-config="true" signature="browserLaunchAndUrlLoad(java.lang.String,java.lang.String)[pri:0, instance:tests.TC_002_LogInTest@6ad82709]" started-at="2025-08-25T01:36:44 IST" name="browserLaunchAndUrlLoad" finished-at="2025-08-25T01:36:46 IST" duration-ms="2035" status="PASS">
          <params>
            <param index="0">
              <value>
                <![CDATA[Chrome]]>
              </value>
            </param>
            <param index="1">
              <value>
                <![CDATA[https://www.demoblaze.com/]]>
              </value>
            </param>
          </params>
          <reporter-output>
          </reporter-output>
        </test-method> <!-- browserLaunchAndUrlLoad -->
        <test-method signature="testLoginEmptyFields()[pri:3, instance:tests.TC_002_LogInTest@6ad82709]" started-at="2025-08-25T01:36:46 IST" name="testLoginEmptyFields" finished-at="2025-08-25T01:36:46 IST" duration-ms="323" status="PASS">
          <reporter-output>
          </reporter-output>
        </test-method> <!-- testLoginEmptyFields -->
        <test-method is-config="true" signature="closeBrowser()[pri:0, instance:tests.TC_002_LogInTest@6ad82709]" started-at="2025-08-25T01:36:46 IST" name="closeBrowser" finished-at="2025-08-25T01:36:47 IST" duration-ms="240" status="PASS">
          <reporter-output>
          </reporter-output>
        </test-method> <!-- closeBrowser -->
        <test-method is-config="true" signature="browserLaunchAndUrlLoad(java.lang.String,java.lang.String)[pri:0, instance:tests.TC_002_LogInTest@6ad82709]" started-at="2025-08-25T01:36:47 IST" name="browserLaunchAndUrlLoad" finished-at="2025-08-25T01:36:49 IST" duration-ms="2197" status="PASS">
          <params>
            <param index="0">
              <value>
                <![CDATA[Chrome]]>
              </value>
            </param>
            <param index="1">
              <value>
                <![CDATA[https://www.demoblaze.com/]]>
              </value>
            </param>
          </params>
          <reporter-output>
          </reporter-output>
        </test-method> <!-- browserLaunchAndUrlLoad -->
        <test-method signature="testPasswordFieldIsMasked()[pri:4, instance:tests.TC_002_LogInTest@6ad82709]" started-at="2025-08-25T01:36:49 IST" name="testPasswordFieldIsMasked" finished-at="2025-08-25T01:36:49 IST" duration-ms="343" status="PASS">
          <reporter-output>
          </reporter-output>
        </test-method> <!-- testPasswordFieldIsMasked -->
        <test-method is-config="true" signature="closeBrowser()[pri:0, instance:tests.TC_002_LogInTest@6ad82709]" started-at="2025-08-25T01:36:49 IST" name="closeBrowser" finished-at="2025-08-25T01:36:50 IST" duration-ms="227" status="PASS">
          <reporter-output>
          </reporter-output>
        </test-method> <!-- closeBrowser -->
      </class> <!-- tests.TC_002_LogInTest -->
      <class name="tests.TC_004_OrderTest">
        <test-method is-config="true" signature="setup()[pri:0, instance:tests.TC_004_OrderTest@7817fd62]" started-at="2025-08-25T01:36:21 IST" name="setup" finished-at="2025-08-25T01:36:21 IST" duration-ms="0" status="PASS">
          <reporter-output>
          </reporter-output>
        </test-method> <!-- setup -->
        <test-method is-config="true" signature="testDetails()[pri:0, instance:tests.TC_004_OrderTest@7817fd62]" started-at="2025-08-25T01:37:20 IST" name="testDetails" finished-at="2025-08-25T01:37:20 IST" duration-ms="0" status="PASS">
          <reporter-output>
          </reporter-output>
        </test-method> <!-- testDetails -->
        <test-method is-config="true" signature="browserLaunchAndUrlLoad(java.lang.String,java.lang.String)[pri:0, instance:tests.TC_004_OrderTest@7817fd62]" started-at="2025-08-25T01:37:20 IST" name="browserLaunchAndUrlLoad" finished-at="2025-08-25T01:37:23 IST" duration-ms="3683" status="PASS">
          <params>
            <param index="0">
              <value>
                <![CDATA[Chrome]]>
              </value>
            </param>
            <param index="1">
              <value>
                <![CDATA[https://www.demoblaze.com/]]>
              </value>
            </param>
          </params>
          <reporter-output>
          </reporter-output>
        </test-method> <!-- browserLaunchAndUrlLoad -->
        <test-method signature="emptyFormTest()[pri:0, instance:tests.TC_004_OrderTest@7817fd62]" started-at="2025-08-25T01:37:23 IST" name="emptyFormTest" finished-at="2025-08-25T01:37:29 IST" duration-ms="5618" status="PASS">
          <reporter-output>
          </reporter-output>
        </test-method> <!-- emptyFormTest -->
        <test-method is-config="true" signature="closeBrowser()[pri:0, instance:tests.TC_004_OrderTest@7817fd62]" started-at="2025-08-25T01:37:29 IST" name="closeBrowser" finished-at="2025-08-25T01:37:29 IST" duration-ms="261" status="PASS">
          <reporter-output>
          </reporter-output>
        </test-method> <!-- closeBrowser -->
        <test-method is-config="true" signature="browserLaunchAndUrlLoad(java.lang.String,java.lang.String)[pri:0, instance:tests.TC_004_OrderTest@7817fd62]" started-at="2025-08-25T01:37:29 IST" name="browserLaunchAndUrlLoad" finished-at="2025-08-25T01:37:32 IST" duration-ms="2254" status="PASS">
          <params>
            <param index="0">
              <value>
                <![CDATA[Chrome]]>
              </value>
            </param>
            <param index="1">
              <value>
                <![CDATA[https://www.demoblaze.com/]]>
              </value>
            </param>
          </params>
          <reporter-output>
          </reporter-output>
        </test-method> <!-- browserLaunchAndUrlLoad -->
        <test-method signature="validDetailsTest()[pri:0, instance:tests.TC_004_OrderTest@7817fd62]" started-at="2025-08-25T01:37:32 IST" name="validDetailsTest" finished-at="2025-08-25T01:37:46 IST" duration-ms="14233" status="PASS">
          <reporter-output>
          </reporter-output>
        </test-method> <!-- validDetailsTest -->
        <test-method is-config="true" signature="closeBrowser()[pri:0, instance:tests.TC_004_OrderTest@7817fd62]" started-at="2025-08-25T01:37:46 IST" name="closeBrowser" finished-at="2025-08-25T01:37:46 IST" duration-ms="299" status="PASS">
          <reporter-output>
          </reporter-output>
        </test-method> <!-- closeBrowser -->
      </class> <!-- tests.TC_004_OrderTest -->
    </test> <!-- ChromeTest -->
    <test started-at="2025-08-25T01:38:19 IST" name="EdgeTest" finished-at="2025-08-25T01:38:28 IST" duration-ms="9533">
      <class name="tests.TC_007_LogOutTest">
        <test-method is-config="true" signature="createReport()[pri:0, instance:tests.TC_007_LogOutTest@757277dc]" started-at="2025-08-25T01:36:20 IST" name="createReport" finished-at="2025-08-25T01:36:21 IST" duration-ms="171" status="PASS">
          <reporter-output>
          </reporter-output>
        </test-method> <!-- createReport -->
        <test-method is-config="true" signature="setup()[pri:0, instance:tests.TC_007_LogOutTest@757277dc]" started-at="2025-08-25T01:38:19 IST" name="setup" finished-at="2025-08-25T01:38:19 IST" duration-ms="0" status="PASS">
          <reporter-output>
          </reporter-output>
        </test-method> <!-- setup -->
        <test-method is-config="true" signature="testDetails()[pri:0, instance:tests.TC_007_LogOutTest@757277dc]" started-at="2025-08-25T01:38:19 IST" name="testDetails" finished-at="2025-08-25T01:38:19 IST" duration-ms="0" status="PASS">
          <reporter-output>
          </reporter-output>
        </test-method> <!-- testDetails -->
        <test-method is-config="true" signature="browserLaunchAndUrlLoad(java.lang.String,java.lang.String)[pri:0, instance:tests.TC_007_LogOutTest@757277dc]" started-at="2025-08-25T01:38:19 IST" name="browserLaunchAndUrlLoad" finished-at="2025-08-25T01:38:22 IST" duration-ms="3293" status="PASS">
          <params>
            <param index="0">
              <value>
                <![CDATA[Edge]]>
              </value>
            </param>
            <param index="1">
              <value>
                <![CDATA[https://www.demoblaze.com/]]>
              </value>
            </param>
          </params>
          <reporter-output>
          </reporter-output>
        </test-method> <!-- browserLaunchAndUrlLoad -->
        <test-method signature="testLogOut()[pri:0, instance:tests.TC_007_LogOutTest@757277dc]" started-at="2025-08-25T01:38:22 IST" name="testLogOut" finished-at="2025-08-25T01:38:28 IST" duration-ms="5875" status="PASS">
          <reporter-output>
          </reporter-output>
        </test-method> <!-- testLogOut -->
        <test-method is-config="true" signature="closeBrowser()[pri:0, instance:tests.TC_007_LogOutTest@757277dc]" started-at="2025-08-25T01:38:28 IST" name="closeBrowser" finished-at="2025-08-25T01:38:28 IST" duration-ms="186" status="PASS">
          <reporter-output>
          </reporter-output>
        </test-method> <!-- closeBrowser -->
        <test-method is-config="true" signature="closeReport()[pri:0, instance:tests.TC_007_LogOutTest@757277dc]" started-at="2025-08-25T01:38:28 IST" name="closeReport" finished-at="2025-08-25T01:38:29 IST" duration-ms="264" status="PASS">
          <reporter-output>
          </reporter-output>
        </test-method> <!-- closeReport -->
      </class> <!-- tests.TC_007_LogOutTest -->
    </test> <!-- EdgeTest -->
  </suite> <!-- Suite -->
</testng-results>
