<?xml version="1.0" encoding="UTF-8"?>
<testng-results ignored="2" total="3" passed="1" failed="0" skipped="0">
  <reporter-output>
  </reporter-output>
  <suite started-at="2025-08-21T00:14:47 IST" name="Default suite" finished-at="2025-08-21T00:15:01 IST" duration-ms="14005">
    <groups>
    </groups>
    <test started-at="2025-08-21T00:14:47 IST" name="Default test" finished-at="2025-08-21T00:15:01 IST" duration-ms="14005">
      <class name="tests.TC_006_UiTest">
        <test-method is-config="true" signature="browserLaunchAndUrlLoad()[pri:0, instance:tests.TC_006_UiTest@7dcf94f8]" started-at="2025-08-21T00:14:47 IST" name="browserLaunchAndUrlLoad" finished-at="2025-08-21T00:14:52 IST" duration-ms="4786" status="PASS">
          <reporter-output>
          </reporter-output>
        </test-method> <!-- browserLaunchAndUrlLoad -->
        <test-method signature="verifyAlertStyling()[pri:3, instance:tests.TC_006_UiTest@7dcf94f8]" started-at="2025-08-21T00:14:52 IST" name="verifyAlertStyling" finished-at="2025-08-21T00:15:01 IST" duration-ms="8865" status="PASS">
          <reporter-output>
          </reporter-output>
        </test-method> <!-- verifyAlertStyling -->
        <test-method is-config="true" signature="closeBrowser()[pri:0, instance:tests.TC_006_UiTest@7dcf94f8]" started-at="2025-08-21T00:15:01 IST" name="closeBrowser" finished-at="2025-08-21T00:15:01 IST" duration-ms="327" status="PASS">
          <reporter-output>
          </reporter-output>
        </test-method> <!-- closeBrowser -->
      </class> <!-- tests.TC_006_UiTest -->
    </test> <!-- Default test -->
  </suite> <!-- Default suite -->
</testng-results>
